2022-07-15 19:54:22,634 [      7]   INFO - #c.i.i.StartupUtil - ------------------------------------------------------ IDE STARTED ------------------------------------------------------
2022-07-15 19:54:22,872 [    245]   INFO - #c.i.u.EnvironmentUtil - loading shell env: /bin/zsh -l -i -c '/Users/mc/.gradle/caches/modules-2/files-2.1/com.jetbrains.intellij.idea/ideaIC/2022.1/c91a19824ffcb28872ecd2761c83b250f703ff21/ideaIC-2022.1/bin/printenv' > '/var/folders/41/cqj00bg10qv8cby7c8hgz3p80000gn/T/ij-env-tmp-dir15313757951179380508/ij-shell-env-data.tmp'
2022-07-15 19:54:22,975 [    348]   INFO - #c.i.i.p.PluginManager - Using broken plugins file from IDE distribution
2022-07-15 19:54:23,112 [    485]   INFO - #c.i.u.EnvironmentUtil - shell environment loaded (16 vars)
2022-07-15 19:54:23,125 [    498]   INFO - #c.i.i.StartupUtil - JNA library (64-bit) loaded in 286 ms
2022-07-15 19:54:23,351 [    724]   INFO - #c.i.i.StartupUtil - IDE: IntelliJ IDEA (build #IC-221.5080.210, 12 Apr 2022 05:32)
2022-07-15 19:54:23,358 [    731]   INFO - #c.i.i.StartupUtil - OS: Mac OS X (12.4, x86_64)
2022-07-15 19:54:23,385 [    758]   INFO - #c.i.i.StartupUtil - JRE: 11.0.14.1+1-b2043.25 (JetBrains s.r.o.)
2022-07-15 19:54:23,387 [    760]   INFO - #c.i.i.StartupUtil - JVM: 11.0.14.1+1-b2043.25 (OpenJDK 64-Bit Server VM)
2022-07-15 19:54:23,393 [    766]   INFO - #c.i.i.StartupUtil - JVM options: [-Dapple.awt.fileDialogForDirectories=true, -Dapple.laf.useScreenMenuBar=true, -Didea.auto.reload.plugins=true, -Didea.classpath.index.enabled=false, -Didea.config.path=/Users/mc/Documents/Università/SwD/cASpER/Code/build/idea-sandbox/config, -Didea.is.internal=true, -Didea.platform.prefix=Idea, -Didea.plugins.path=/Users/mc/Documents/Università/SwD/cASpER/Code/build/idea-sandbox/plugins, -Didea.required.plugins.id=it.unisa.casper, -Didea.smooth.progress=false, -Didea.system.path=/Users/mc/Documents/Università/SwD/cASpER/Code/build/idea-sandbox/system, -Djava.system.class.loader=com.intellij.util.lang.PathClassLoader, -Djdk.module.illegalAccess.silent=true, -Xms256m, -Xmx512m, -Dfile.encoding=UTF-8, -Duser.country=IT, -Duser.language=it, -Duser.variant, -ea]
2022-07-15 19:54:23,394 [    767]   INFO - #c.i.i.StartupUtil - args: [traverseUI, /Users/mc/Documents/Università/SwD/cASpER/Code/build/searchableOptions, true]
2022-07-15 19:54:23,395 [    768]   INFO - #c.i.i.StartupUtil - library path: /Users/mc/Library/Java/Extensions:/Library/Java/Extensions:/Network/Library/Java/Extensions:/System/Library/Java/Extensions:/usr/lib/java:.
2022-07-15 19:54:23,396 [    769]   INFO - #c.i.i.StartupUtil - boot library path: /Users/mc/.gradle/caches/modules-2/files-2.1/com.jetbrains/jbre/jbr_jcef-11_0_14_1-osx-x64-b2043.25/extracted/jbr/Contents/Home/lib
2022-07-15 19:54:23,505 [    878]   INFO - #c.i.i.StartupUtil - locale=it_IT JNU=UTF-8 file.encoding=UTF-8
  idea.config.path=/Users/mc/Documents/Università/SwD/cASpER/Code/build/idea-sandbox/config
  idea.system.path=/Users/mc/Documents/Università/SwD/cASpER/Code/build/idea-sandbox/system
  idea.plugins.path=/Users/mc/Documents/Università/SwD/cASpER/Code/build/idea-sandbox/plugins
  idea.log.path=/Users/mc/Documents/Università/SwD/cASpER/Code/build/idea-sandbox/system/log
2022-07-15 19:54:23,684 [   1057]   INFO - #c.i.i.p.PluginManager - Plugin PluginDescriptor(name=Groovy, id=org.intellij.groovy, descriptorPath=plugin.xml, path=~/.gradle/caches/modules-2/files-2.1/com.jetbrains.intellij.idea/ideaIC/2022.1/c91a19824ffcb28872ecd2761c83b250f703ff21/ideaIC-2022.1/plugins/Groovy, version=221.5080.210, package=org.jetbrains.plugins.groovy, isBundled=true) misses optional descriptor duplicates-groovy.xml
2022-07-15 19:54:23,690 [   1063]   INFO - #c.i.i.p.PluginManager - Plugin PluginDescriptor(name=Groovy, id=org.intellij.groovy, descriptorPath=plugin.xml, path=~/.gradle/caches/modules-2/files-2.1/com.jetbrains.intellij.idea/ideaIC/2022.1/c91a19824ffcb28872ecd2761c83b250f703ff21/ideaIC-2022.1/plugins/Groovy, version=221.5080.210, package=org.jetbrains.plugins.groovy, isBundled=true) misses optional descriptor duplicates-detection-groovy.xml
2022-07-15 19:54:23,707 [   1080]   INFO - #c.i.i.StartupUtil - CPU cores: 8; ForkJoinPool.commonPool: java.util.concurrent.ForkJoinPool@52de703e[Running, parallelism = 8, size = 8, active = 8, running = 8, steals = 4, tasks = 14, submissions = 0]; factory: com.intellij.concurrency.IdeaForkJoinWorkerThreadFactory@5145e3d6
2022-07-15 19:54:23,859 [   1232]   INFO - #c.i.i.StartupUtil - notify that start-up thread is free
2022-07-15 19:54:23,911 [   1284]   INFO - #c.i.i.p.PluginManager - Module intellij.space.gateway is not enabled because dependency com.jetbrains.gateway is not available
Module intellij.space.php is not enabled because dependency com.jetbrains.php is not available
Module kotlin-ultimate.javascript.nodeJs is not enabled because dependency NodeJS is not available
Module kotlin-ultimate.javascript.debugger is not enabled because dependency JavaScriptDebugger is not available
Module intellij.space.index is not enabled because dependency intellij.indexing.shared is not available
Module kotlin-ultimate.common-for-kotlin is not enabled because dependency com.intellij.nativeDebug is not available
Module kotlin-ultimate.ultimate-native is not enabled because dependency kotlin-ultimate.common-for-kotlin is not available
2022-07-15 19:54:23,926 [   1299]   INFO - #c.i.i.p.PluginManager - Loaded bundled plugins: IDEA CORE (221.5080.210), IDE Features Trainer (221.5080.210), Grazie (221.5080.210), Toml (221.5080.210), Settings Repository (221.5080.210), YAML (221.5080.210), WSL File System Support (221.5080.210), TextMate Bundles (221.5080.210), Terminal (221.5080.210), Emoji Picker (221.5080.210), JetBrains maven model api classes (221.5080.210), JetBrains Repository Search (221.5080.210), Qodana (221.5080.210), EditorConfig (221.5080.210), WebP Support (221.5080.210), Mercurial (221.5080.210), Space (221.5080.210), Shell Script (221.5080.210), Settings Sync (221.5080.210), Projector Libraries for Code With Me and Remote Development (221.5080.210), Visual Studio Keymap (221.5080.210), NetBeans Keymap (221.5080.210), Eclipse Keymap (221.5080.210), Images (221.5080.210), JetBrains Marketplace Licensing Support (221.5080.210), Windows 10 Light Theme (221.5080.210), macOS Light Theme (221.5080.210), Dependency Management Api for External Build Tools (221.5080.210), Copyright (221.5080.210), Properties (221.5080.210), Gradle (221.5080.210), Configuration Script (221.5080.210), Machine Learning Code Completion (221.5080.210), Java (221.5080.210), JavaFX (221.5080.210), Kotlin (221-1.6.20-release-285-IJ5080.210), Java Bytecode Decompiler (221.5080.210), Eclipse Interoperability (221.5080.210), Java Stream Debugger (221.5080.210), Shared Indexes (221.5080.210), Package Search (221.5080.210), com.intellij.tracing.ide (221.5080.210), Java IDE Customization (221.5080.210), Java Internationalization (221.5080.210), UI Designer (221.5080.210), Smali Support (221.5080.210), XPathView + XSLT (221.5080.210), IntelliLang (221.5080.210), Markdown (221.5080.210), Task Management (221.5080.210), XSLT Debugger (221.5080.210), TestNG (221.5080.210), Subversion (221.5080.210), Perforce Helix Core (221.5080.210), Lombok (221.5080.210), JUnit (221.5080.210), GitHub (221.5080.210), Git (221.5080.210), IDE Features Trainer: Git Lessons (221.5080.210), ChangeReminder (221.5080.210), Machine Learning in Search Everywhere (221.5080.210), Code Coverage for Java (221.5080.210), Bytecode Viewer (221.5080.210), Groovy (221.5080.210), Ant (221.5080.210), Maven (221.5080.210), Gradle-Java (221.5080.210), Gradle-Maven (221.5080.210), Refactoring Detector (221.5080.210), Gradle DSL API (221.5080.210), Gradle Dependency Updater Implementation (221.5080.210), Android (2020.3.1 Final.221.5080.210), Code With Me (221.5080.210), Plugin DevKit (221.5080.210)
2022-07-15 19:54:23,926 [   1299]   INFO - #c.i.i.p.PluginManager - Loaded custom plugins: cASpER (1.1.2)
2022-07-15 19:54:25,753 [   3126]   INFO - #c.i.i.p.DisabledPluginsState - Plugins to enable: [com.jetbrains.codeWithMe]
2022-07-15 19:54:25,857 [   3230] SEVERE - #c.i.i.p.PluginManager - Current thread: Thread[AWT-EventQueue-1,6,main]; expected: Thread[AWT-EventQueue-0,6,]
java.lang.IllegalStateException: Current thread: Thread[AWT-EventQueue-1,6,main]; expected: Thread[AWT-EventQueue-0,6,]
	at com.intellij.openapi.application.impl.ReadMostlyRWLock.checkWriteThreadAccess(ReadMostlyRWLock.java:287)
	at com.intellij.openapi.application.impl.ReadMostlyRWLock.writeIntentLock(ReadMostlyRWLock.java:196)
	at com.intellij.openapi.application.impl.ApplicationImpl.acquireWriteIntentLock(ApplicationImpl.java:944)
	at com.intellij.openapi.application.impl.ApplicationImpl.lambda$new$2(ApplicationImpl.java:181)
	at java.desktop/java.awt.event.InvocationEvent.dispatch(InvocationEvent.java:313)
	at java.desktop/java.awt.EventQueue.dispatchEventImpl(EventQueue.java:776)
	at java.desktop/java.awt.EventQueue$4.run(EventQueue.java:727)
	at java.desktop/java.awt.EventQueue$4.run(EventQueue.java:721)
	at java.base/java.security.AccessController.doPrivileged(Native Method)
	at java.base/java.security.ProtectionDomain$JavaSecurityAccessImpl.doIntersectionPrivilege(ProtectionDomain.java:85)
	at java.desktop/java.awt.EventQueue.dispatchEvent(EventQueue.java:746)
	at com.intellij.ide.IdeEventQueue.dispatchEvent(IdeEventQueue.java:393)
	at java.desktop/java.awt.EventDispatchThread.pumpOneEventForFilters(EventDispatchThread.java:207)
	at java.desktop/java.awt.EventDispatchThread.pumpEventsForFilter(EventDispatchThread.java:128)
	at java.desktop/java.awt.EventDispatchThread.pumpEventsForHierarchy(EventDispatchThread.java:117)
	at java.desktop/java.awt.EventDispatchThread.pumpEvents(EventDispatchThread.java:113)
	at java.desktop/java.awt.EventDispatchThread.pumpEvents(EventDispatchThread.java:105)
	at java.desktop/java.awt.EventDispatchThread.run(EventDispatchThread.java:92)
2022-07-15 19:54:25,866 [   3239] SEVERE - #c.i.i.p.PluginManager - IntelliJ IDEA 2022.1  Build #IC-221.5080.210
2022-07-15 19:54:25,874 [   3247] SEVERE - #c.i.i.p.PluginManager - JDK: 11.0.14.1; VM: OpenJDK 64-Bit Server VM; Vendor: JetBrains s.r.o.
2022-07-15 19:54:25,879 [   3252] SEVERE - #c.i.i.p.PluginManager - OS: Mac OS X
2022-07-15 19:54:25,896 [   3269]   INFO - STDERR - 
2022-07-15 19:54:25,898 [   3271]   INFO - STDERR - Start Failed
2022-07-15 19:54:25,899 [   3272]   INFO - STDERR - Internal error. Please refer to https://jb.gg/ide/critical-startup-errors
2022-07-15 19:54:25,905 [   3278]   INFO - STDERR - 
2022-07-15 19:54:25,905 [   3278]   INFO - STDERR - java.lang.IllegalStateException: Current thread: Thread[AWT-EventQueue-1,6,main]; expected: Thread[AWT-EventQueue-0,6,]
2022-07-15 19:54:25,905 [   3278]   INFO - STDERR - 	at com.intellij.openapi.application.impl.ReadMostlyRWLock.checkWriteThreadAccess(ReadMostlyRWLock.java:287)
2022-07-15 19:54:25,905 [   3278]   INFO - STDERR - 	at com.intellij.openapi.application.impl.ReadMostlyRWLock.writeIntentLock(ReadMostlyRWLock.java:196)
2022-07-15 19:54:25,905 [   3278]   INFO - STDERR - 	at com.intellij.openapi.application.impl.ApplicationImpl.acquireWriteIntentLock(ApplicationImpl.java:944)
2022-07-15 19:54:25,906 [   3279]   INFO - STDERR - 	at com.intellij.openapi.application.impl.ApplicationImpl.lambda$new$2(ApplicationImpl.java:181)
2022-07-15 19:54:25,907 [   3280]   INFO - STDERR - 	at java.desktop/java.awt.event.InvocationEvent.dispatch(InvocationEvent.java:313)
2022-07-15 19:54:25,908 [   3281]   INFO - STDERR - 	at java.desktop/java.awt.EventQueue.dispatchEventImpl(EventQueue.java:776)
2022-07-15 19:54:25,908 [   3281]   INFO - STDERR - 	at java.desktop/java.awt.EventQueue$4.run(EventQueue.java:727)
2022-07-15 19:54:25,909 [   3282]   INFO - STDERR - 	at java.desktop/java.awt.EventQueue$4.run(EventQueue.java:721)
2022-07-15 19:54:25,909 [   3282]   INFO - STDERR - 	at java.base/java.security.AccessController.doPrivileged(Native Method)
2022-07-15 19:54:25,909 [   3282]   INFO - STDERR - 	at java.base/java.security.ProtectionDomain$JavaSecurityAccessImpl.doIntersectionPrivilege(ProtectionDomain.java:85)
2022-07-15 19:54:25,909 [   3282]   INFO - STDERR - 	at java.desktop/java.awt.EventQueue.dispatchEvent(EventQueue.java:746)
2022-07-15 19:54:25,909 [   3282]   INFO - STDERR - 	at com.intellij.ide.IdeEventQueue.dispatchEvent(IdeEventQueue.java:393)
2022-07-15 19:54:25,909 [   3282]   INFO - STDERR - 	at java.desktop/java.awt.EventDispatchThread.pumpOneEventForFilters(EventDispatchThread.java:207)
2022-07-15 19:54:25,909 [   3282]   INFO - STDERR - 	at java.desktop/java.awt.EventDispatchThread.pumpEventsForFilter(EventDispatchThread.java:128)
2022-07-15 19:54:25,909 [   3282]   INFO - STDERR - 	at java.desktop/java.awt.EventDispatchThread.pumpEventsForHierarchy(EventDispatchThread.java:117)
2022-07-15 19:54:25,909 [   3282]   INFO - STDERR - 	at java.desktop/java.awt.EventDispatchThread.pumpEvents(EventDispatchThread.java:113)
2022-07-15 19:54:25,910 [   3283]   INFO - STDERR - 	at java.desktop/java.awt.EventDispatchThread.pumpEvents(EventDispatchThread.java:105)
2022-07-15 19:54:25,910 [   3283]   INFO - STDERR - 	at java.desktop/java.awt.EventDispatchThread.run(EventDispatchThread.java:92)
2022-07-15 19:54:25,910 [   3283]   INFO - STDERR - 
2022-07-15 19:54:25,910 [   3283]   INFO - STDERR - -----
2022-07-15 19:54:25,910 [   3283]   INFO - STDERR - Your JRE: 11.0.14.1+1-b2043.25 x86_64 (JetBrains s.r.o.)
2022-07-15 19:54:25,910 [   3283]   INFO - STDERR - /Users/mc/.gradle/caches/modules-2/files-2.1/com.jetbrains/jbre/jbr_jcef-11_0_14_1-osx-x64-b2043.25/extracted/jbr/Contents/Home
2022-07-15 19:54:55,567 [      7]   INFO - #c.i.i.StartupUtil - ------------------------------------------------------ IDE STARTED ------------------------------------------------------
2022-07-15 19:54:55,707 [    147]   INFO - #c.i.u.EnvironmentUtil - loading shell env: /bin/zsh -l -i -c '/Users/mc/.gradle/caches/modules-2/files-2.1/com.jetbrains.intellij.idea/ideaIC/2022.1/c91a19824ffcb28872ecd2761c83b250f703ff21/ideaIC-2022.1/bin/printenv' > '/var/folders/41/cqj00bg10qv8cby7c8hgz3p80000gn/T/ij-env-tmp-dir9982988714165249788/ij-shell-env-data.tmp'
2022-07-15 19:54:55,800 [    240]   INFO - #c.i.i.p.PluginManager - Using broken plugins file from IDE distribution
2022-07-15 19:54:55,846 [    286]   INFO - #c.i.u.EnvironmentUtil - shell environment loaded (16 vars)
2022-07-15 19:54:55,921 [    361]   INFO - #c.i.i.StartupUtil - JNA library (64-bit) loaded in 231 ms
2022-07-15 19:54:56,182 [    622]   INFO - #c.i.i.StartupUtil - IDE: IntelliJ IDEA (build #IC-221.5080.210, 12 Apr 2022 05:32)
2022-07-15 19:54:56,184 [    624]   INFO - #c.i.i.StartupUtil - OS: Mac OS X (12.4, x86_64)
2022-07-15 19:54:56,218 [    658]   INFO - #c.i.i.StartupUtil - JRE: 11.0.14.1+1-b2043.25 (JetBrains s.r.o.)
2022-07-15 19:54:56,220 [    660]   INFO - #c.i.i.StartupUtil - JVM: 11.0.14.1+1-b2043.25 (OpenJDK 64-Bit Server VM)
2022-07-15 19:54:56,230 [    670]   INFO - #c.i.i.StartupUtil - JVM options: [-Dapple.awt.fileDialogForDirectories=true, -Dapple.laf.useScreenMenuBar=true, -Didea.auto.reload.plugins=true, -Didea.classpath.index.enabled=false, -Didea.config.path=/Users/mc/Documents/Università/SwD/cASpER/Code/build/idea-sandbox/config, -Didea.is.internal=true, -Didea.platform.prefix=Idea, -Didea.plugins.path=/Users/mc/Documents/Università/SwD/cASpER/Code/build/idea-sandbox/plugins, -Didea.required.plugins.id=it.unisa.casper, -Didea.smooth.progress=false, -Didea.system.path=/Users/mc/Documents/Università/SwD/cASpER/Code/build/idea-sandbox/system, -Djava.system.class.loader=com.intellij.util.lang.PathClassLoader, -Djdk.module.illegalAccess.silent=true, -Xms256m, -Xmx512m, -Dfile.encoding=UTF-8, -Duser.country=IT, -Duser.language=it, -Duser.variant, -ea]
2022-07-15 19:54:56,231 [    671]   INFO - #c.i.i.StartupUtil - args: [traverseUI, /Users/mc/Documents/Università/SwD/cASpER/Code/build/searchableOptions, true]
2022-07-15 19:54:56,233 [    673]   INFO - #c.i.i.StartupUtil - library path: /Users/mc/Library/Java/Extensions:/Library/Java/Extensions:/Network/Library/Java/Extensions:/System/Library/Java/Extensions:/usr/lib/java:.
2022-07-15 19:54:56,234 [    674]   INFO - #c.i.i.StartupUtil - boot library path: /Users/mc/.gradle/caches/modules-2/files-2.1/com.jetbrains/jbre/jbr_jcef-11_0_14_1-osx-x64-b2043.25/extracted/jbr/Contents/Home/lib
2022-07-15 19:54:56,289 [    729]   INFO - #c.i.i.StartupUtil - locale=it_IT JNU=UTF-8 file.encoding=UTF-8
  idea.config.path=/Users/mc/Documents/Università/SwD/cASpER/Code/build/idea-sandbox/config
  idea.system.path=/Users/mc/Documents/Università/SwD/cASpER/Code/build/idea-sandbox/system
  idea.plugins.path=/Users/mc/Documents/Università/SwD/cASpER/Code/build/idea-sandbox/plugins
  idea.log.path=/Users/mc/Documents/Università/SwD/cASpER/Code/build/idea-sandbox/system/log
2022-07-15 19:54:56,422 [    862]   INFO - #c.i.i.p.PluginManager - Plugin PluginDescriptor(name=Groovy, id=org.intellij.groovy, descriptorPath=plugin.xml, path=~/.gradle/caches/modules-2/files-2.1/com.jetbrains.intellij.idea/ideaIC/2022.1/c91a19824ffcb28872ecd2761c83b250f703ff21/ideaIC-2022.1/plugins/Groovy, version=221.5080.210, package=org.jetbrains.plugins.groovy, isBundled=true) misses optional descriptor duplicates-groovy.xml
2022-07-15 19:54:56,424 [    864]   INFO - #c.i.i.p.PluginManager - Plugin PluginDescriptor(name=Groovy, id=org.intellij.groovy, descriptorPath=plugin.xml, path=~/.gradle/caches/modules-2/files-2.1/com.jetbrains.intellij.idea/ideaIC/2022.1/c91a19824ffcb28872ecd2761c83b250f703ff21/ideaIC-2022.1/plugins/Groovy, version=221.5080.210, package=org.jetbrains.plugins.groovy, isBundled=true) misses optional descriptor duplicates-detection-groovy.xml
2022-07-15 19:54:56,433 [    873]   INFO - #c.i.i.StartupUtil - CPU cores: 8; ForkJoinPool.commonPool: java.util.concurrent.ForkJoinPool@787285b0[Running, parallelism = 8, size = 8, active = 8, running = 8, steals = 5, tasks = 35, submissions = 0]; factory: com.intellij.concurrency.IdeaForkJoinWorkerThreadFactory@798f90b
2022-07-15 19:54:56,564 [   1004]   INFO - #c.i.i.StartupUtil - notify that start-up thread is free
2022-07-15 19:54:56,617 [   1057]   INFO - #c.i.i.p.PluginManager - Module intellij.space.gateway is not enabled because dependency com.jetbrains.gateway is not available
Module intellij.space.php is not enabled because dependency com.jetbrains.php is not available
Module kotlin-ultimate.javascript.nodeJs is not enabled because dependency NodeJS is not available
Module kotlin-ultimate.javascript.debugger is not enabled because dependency JavaScriptDebugger is not available
Module intellij.space.index is not enabled because dependency intellij.indexing.shared is not available
Module kotlin-ultimate.common-for-kotlin is not enabled because dependency com.intellij.nativeDebug is not available
Module kotlin-ultimate.ultimate-native is not enabled because dependency kotlin-ultimate.common-for-kotlin is not available
2022-07-15 19:54:56,634 [   1074]   INFO - #c.i.i.p.PluginManager - Loaded bundled plugins: IDEA CORE (221.5080.210), IDE Features Trainer (221.5080.210), Grazie (221.5080.210), Toml (221.5080.210), Settings Repository (221.5080.210), YAML (221.5080.210), WSL File System Support (221.5080.210), TextMate Bundles (221.5080.210), Terminal (221.5080.210), Emoji Picker (221.5080.210), JetBrains maven model api classes (221.5080.210), JetBrains Repository Search (221.5080.210), Qodana (221.5080.210), EditorConfig (221.5080.210), WebP Support (221.5080.210), Mercurial (221.5080.210), Space (221.5080.210), Shell Script (221.5080.210), Settings Sync (221.5080.210), Projector Libraries for Code With Me and Remote Development (221.5080.210), Visual Studio Keymap (221.5080.210), NetBeans Keymap (221.5080.210), Eclipse Keymap (221.5080.210), Images (221.5080.210), JetBrains Marketplace Licensing Support (221.5080.210), Windows 10 Light Theme (221.5080.210), macOS Light Theme (221.5080.210), Dependency Management Api for External Build Tools (221.5080.210), Copyright (221.5080.210), Properties (221.5080.210), Gradle (221.5080.210), Configuration Script (221.5080.210), Machine Learning Code Completion (221.5080.210), Java (221.5080.210), JavaFX (221.5080.210), Kotlin (221-1.6.20-release-285-IJ5080.210), Java Bytecode Decompiler (221.5080.210), Eclipse Interoperability (221.5080.210), Java Stream Debugger (221.5080.210), Shared Indexes (221.5080.210), Package Search (221.5080.210), com.intellij.tracing.ide (221.5080.210), Java IDE Customization (221.5080.210), Java Internationalization (221.5080.210), UI Designer (221.5080.210), Smali Support (221.5080.210), XPathView + XSLT (221.5080.210), IntelliLang (221.5080.210), Markdown (221.5080.210), Task Management (221.5080.210), XSLT Debugger (221.5080.210), TestNG (221.5080.210), Subversion (221.5080.210), Perforce Helix Core (221.5080.210), Lombok (221.5080.210), JUnit (221.5080.210), GitHub (221.5080.210), Git (221.5080.210), IDE Features Trainer: Git Lessons (221.5080.210), ChangeReminder (221.5080.210), Machine Learning in Search Everywhere (221.5080.210), Code Coverage for Java (221.5080.210), Bytecode Viewer (221.5080.210), Groovy (221.5080.210), Ant (221.5080.210), Maven (221.5080.210), Gradle-Java (221.5080.210), Gradle-Maven (221.5080.210), Refactoring Detector (221.5080.210), Gradle DSL API (221.5080.210), Gradle Dependency Updater Implementation (221.5080.210), Android (2020.3.1 Final.221.5080.210), Code With Me (221.5080.210), Plugin DevKit (221.5080.210)
2022-07-15 19:54:56,635 [   1075]   INFO - #c.i.i.p.PluginManager - Loaded custom plugins: cASpER (1.1.2)
2022-07-15 19:54:57,117 [   1557]   INFO - #c.i.i.p.DisabledPluginsState - Plugins to enable: [com.jetbrains.codeWithMe]
2022-07-15 19:54:57,634 [   2074]   INFO - #c.i.u.i.FilePageCache - lower=100; upper=492; buffer=10; max=492
2022-07-15 19:54:57,789 [   2229]   INFO - #c.i.a.o.PathMacrosImpl - Loaded path macros: {MAVEN_REPOSITORY=/Users/mc/.m2/repository}
2022-07-15 19:54:57,864 [   2304]   WARN - #c.i.i.DebugAttachDetector - Unable to start DebugAttachDetector, please add `--add-exports java.base/jdk.internal.vm=ALL-UNNAMED` to VM options
2022-07-15 19:54:57,896 [   2336]   INFO - #o.j.i.BuiltInServerManager - built-in server started, port 63343
2022-07-15 19:54:58,112 [   2552]   INFO - STDOUT - Starting searchable options index builder
2022-07-15 19:54:58,120 [   2560]   INFO - #c.i.o.v.n.p.PersistentFSConnector - Marking VFS as corrupted: '/Users/mc/Documents/Università/SwD/cASpER/Code/build/idea-sandbox/system/caches/names.dat' does not exist
2022-07-15 19:54:58,433 [   2873]   INFO - #c.i.u.n.s.CertificateManager - Default SSL context initialized
2022-07-15 19:54:58,732 [   3172]   INFO - #c.i.u.i.FileBasedIndexImpl - Indexes are corrupted and will be rebuilt (reason = )
2022-07-15 19:54:58,750 [   3190]   INFO - #c.i.i.s.p.i.SharedIndexInfrastructure - Shared index version updated from -1 to 7
2022-07-15 19:54:58,761 [   3201]   INFO - #c.i.i.s.p.i.SharedIndexInfrastructure - Shared index persistent data has been cleared
2022-07-15 19:54:58,820 [   3260]   INFO - #c.i.i.s.p.i.SharedIndexMainZipStorage - Shared Indexes Storage is opened and empty
2022-07-15 19:54:58,840 [   3280]   INFO - #c.i.p.s.SerializationManagerImpl - Name storage is repaired
2022-07-15 19:54:58,901 [   3341]   INFO - #c.i.i.s.p.i.SharedIndexMainZipStorage - Shared Indexes Storage is opened and empty
2022-07-15 19:54:58,902 [   3342]   INFO - #c.i.i.s.p.i.SharedIndexInfrastructure - Shared index persistent data has been cleared
2022-07-15 19:54:59,017 [   3457]   WARN - #c.i.n.i.NotificationGroupManagerImpl - Notification group CodeWithMe is already registered (group=com.intellij.notification.NotificationGroup@52b4974c). Plugin descriptor: PluginDescriptor(name=Code With Me, id=com.jetbrains.codeWithMe, descriptorPath=plugin.xml, path=~/.gradle/caches/modules-2/files-2.1/com.jetbrains.intellij.idea/ideaIC/2022.1/c91a19824ffcb28872ecd2761c83b250f703ff21/ideaIC-2022.1/plugins/cwm-plugin, version=221.5080.210, package=null, isBundled=true)
2022-07-15 19:54:59,114 [   3554]   INFO - #c.i.o.a.Experiments - Experimental features enabled for user: wsl.p9.support, wsl.prefer.p9.support, wsl.p9.show.roots.in.file.chooser, wsl.execute.with.wsl.exe, linux.native.menu, recent.and.edited.files.together, show.create.new.element.in.popup, search.everywhere.mixed.results, new.project.wizard, editor.reader.mode, new.large.text.file.viewer, wsl.fsd.content.loader, terminal.shell.command.handling
2022-07-15 19:55:00,820 [   5260]   INFO - #c.i.u.i.FileBasedIndexImpl - Indexes to be rebuilt after corruption:FrameworkDetectionIndex(v = 65536),XmlNamespaces(v = 8),org.jetbrains.kotlin.idea.vfilefinder.KotlinPartialPackageNamesIndex(v = 3),html5.custom.attributes.index(v = 1),SchemaTypeInheritance(v = 2),javafx.custom.component(v = 2),groovy.trait.fields(v = 5),java.source.module.name(v = 3),LombokConfigIndex(v = 11),org.jetbrains.kotlin.idea.vfilefinder.KotlinJvmModuleAnnotationsIndex(v = 1),yaml.keys.name(v = 1),java.fun.expression(v = 4102),IdeaPluginRegistrationIndex(v = 3),org.jetbrains.kotlin.idea.vfilefinder.KotlinModuleMappingIndex(v = 5),Stubs(v = 46),groovy.trait.methods(v = 32),XmlTagNames(v = 1),bytecodeAnalysis(v = 4107),BindingXmlIndex(v = 8),json.file.root.values(v = 5),org.jetbrains.kotlin.idea.vfilefinder.KotlinClassFileIndex(v = 3),org.jetbrains.kotlin.idea.vfilefinder.KlibMetaFileIndex(v = 4),PluginIdModuleIndex(v = 2),com.android.tools.idea.model.AndroidManifestIndex$Companion$NAME$1.NAME(v = 10),MlModelFileIndex(v = 6),org.jetbrains.kotlin.idea.vfilefinder.KotlinJavaScriptMetaFileIndex(v = 4),java.binary.plus.expression(v = 4100),TodoIndex(v = 4109),IdIndex(v = 4118),org.jetbrains.kotlin.idea.vfilefinder.KotlinMetadataFileIndex(v = 1),devkit.ExtensionPointClassIndex(v = 1),com.intellij.uiDesigner.FormClassIndex(v = 0),org.jetbrains.kotlin.idea.vfilefinder.KotlinMetadataFilePackageIndex(v = 1),org.jetbrains.kotlin.idea.vfilefinder.KotlinStdlibIndex(v = 1),java.null.method.argument(v = 4097),org.jetbrains.kotlin.idea.vfilefinder.KotlinBuiltInsMetadataIndex(v = 1),org.jetbrains.kotlin.idea.versions.KotlinJsMetadataVersionIndex(v = 3),RelaxSymbolIndex(v = 0),Trigram.Index(v = 4099),javafx.id.name(v = 3),fileIncludes(v = 6),DomFileIndex(v = 0),ant-imports(v = 5),filetypes(v = 258),org.jetbrains.kotlin.idea.versions.KotlinJvmMetadataVersionIndex(v = 5),java.auto.module.name(v = 5),devkit.ExtensionPointIndex(v = 0),FilenameIndex(v = 258),org.jetbrains.kotlin.idea.vfilefinder.KotlinPackageSourcesMemberNamesIndex(v = 2),XsltSymbolIndex(v = 0),NavXmlIndex(v = 8),PluginIdDependenciesIndex(v = 5),JavaFxControllerClassIndex(v = 1),editorconfig.index.name(v = 5),xmlProperties(v = 2)
2022-07-15 19:55:00,846 [   5286]   INFO - c.i.u.i.FileBasedIndexDataInitialization - Index data initialization done: 2840 ms. Initialized indexes: [FilenameIndex, FrameworkDetectionIndex, TodoIndex, IdIndex, filetypes, Stubs, Trigram.Index, fileIncludes, DomFileIndex, RelaxSymbolIndex, XmlTagNames, XmlNamespaces, html5.custom.attributes.index, SchemaTypeInheritance, json.file.root.values, yaml.keys.name, editorconfig.index.name, xmlProperties, bytecodeAnalysis, java.auto.module.name, java.source.module.name, java.null.method.argument, java.fun.expression, java.binary.plus.expression, JavaFxControllerClassIndex, javafx.id.name, javafx.custom.component, org.jetbrains.kotlin.idea.versions.KotlinJvmMetadataVersionIndex, org.jetbrains.kotlin.idea.versions.KotlinJsMetadataVersionIndex, org.jetbrains.kotlin.idea.vfilefinder.KotlinPartialPackageNamesIndex, org.jetbrains.kotlin.idea.vfilefinder.KotlinClassFileIndex, org.jetbrains.kotlin.idea.vfilefinder.KotlinJavaScriptMetaFileIndex, org.jetbrains.kotlin.idea.vfilefinder.KotlinMetadataFileIndex, org.jetbrains.kotlin.idea.vfilefinder.KotlinMetadataFilePackageIndex, org.jetbrains.kotlin.idea.vfilefinder.KotlinModuleMappingIndex, org.jetbrains.kotlin.idea.vfilefinder.KotlinPackageSourcesMemberNamesIndex, org.jetbrains.kotlin.idea.vfilefinder.KotlinJvmModuleAnnotationsIndex, org.jetbrains.kotlin.idea.vfilefinder.KotlinBuiltInsMetadataIndex, org.jetbrains.kotlin.idea.vfilefinder.KotlinStdlibIndex, org.jetbrains.kotlin.idea.vfilefinder.KlibMetaFileIndex, com.intellij.uiDesigner.FormClassIndex, XsltSymbolIndex, groovy.trait.fields, groovy.trait.methods, LombokConfigIndex, ant-imports, com.android.tools.idea.model.AndroidManifestIndex$Companion$NAME$1.NAME, BindingXmlIndex, MlModelFileIndex, NavXmlIndex, IdeaPluginRegistrationIndex, PluginIdModuleIndex, PluginIdDependenciesIndex, devkit.ExtensionPointIndex, devkit.ExtensionPointClassIndex].
2022-07-15 19:55:01,132 [   5572]   INFO - #c.i.p.s.StubIndexImpl - Following stub indices will be built:org.jetbrains.kotlin.idea.stubindex.KotlinAnnotationsIndex(v = 3),markdown.header(v = 2),gr.script.class(v = 5),org.jetbrains.kotlin.idea.stubindex.KotlinScriptFqnIndex(v = 2),org.jetbrains.kotlin.idea.stubindex.KotlinSuperClassIndex(v = 2),java.annotations(v = 2),org.jetbrains.kotlin.idea.stubindex.KotlinTopLevelFunctionByPackageIndex(v = 2),dom.namespaceKey(v = 1),org.jetbrains.kotlin.idea.stubindex.KotlinTopLevelPropertyByPackageIndex(v = 2),org.jetbrains.kotlin.idea.stubindex.KotlinMultifileClassPartIndex(v = 2),java.class.fqn(v = 1),org.jetbrains.kotlin.idea.stubindex.KotlinTopLevelPropertyFqnNameIndex(v = 2),org.jetbrains.kotlin.idea.stubindex.KotlinTopLevelClassByPackageIndex(v = 2),java.method.parameter.types(v = 3),java.module.name(v = 4),gr.field.name(v = 5),org.jetbrains.kotlin.idea.stubindex.KotlinTypeAliasByExpansionShortNameIndex(v = 2),org.jetbrains.kotlin.idea.stubindex.KotlinTopLevelFunctionFqnNameIndex(v = 2),gr.class.fqn(v = 4),java.field.name(v = 2),org.jetbrains.kotlin.idea.stubindex.KotlinOverridableInternalMembersShortNameIndex(v = 2),org.jetbrains.kotlin.idea.stubindex.KotlinTopLevelTypeAliasFqNameIndex(v = 2),org.jetbrains.kotlin.idea.stubindex.KotlinFileFacadeShortNameIndex(v = 2),java.anonymous.baseref(v = 2),org.jetbrains.kotlin.idea.stubindex.KotlinTopLevelExtensionsByReceiverTypeIndex(v = 3),gr.class.super(v = 5),jvm.static.member.type(v = 2),org.jetbrains.kotlin.idea.stubindex.KotlinExactPackagesIndex(v = 2),java.class.extlist(v = 3),jvm.static.member.name(v = 2),org.jetbrains.kotlin.idea.stubindex.KotlinPropertyShortNameIndex(v = 2),kotlin.primeIndexKey(v = 2),org.jetbrains.kotlin.idea.stubindex.KotlinFunctionShortNameIndex(v = 2),org.jetbrains.kotlin.idea.stubindex.KotlinFilePartClassIndex(v = 2),org.jetbrains.kotlin.idea.stubindex.KotlinFileFacadeClassByPackageIndex(v = 2),org.jetbrains.kotlin.idea.stubindex.KotlinProbablyNothingPropertyShortNameIndex(v = 2),org.jetbrains.kotlin.idea.stubindex.KotlinProbablyContractedFunctionShortNameIndex(v = 2),gr.annot.method.name(v = 5),org.jetbrains.kotlin.idea.stubindex.KotlinProbablyNothingFunctionShortNameIndex(v = 2),org.jetbrains.kotlin.idea.stubindex.KotlinExtensionsInObjectsByReceiverTypeIndex(v = 2),org.jetbrains.kotlin.idea.stubindex.KotlinInnerTypeAliasClassIdIndex(v = 2),org.jetbrains.kotlin.idea.stubindex.KotlinClassShortNameIndex(v = 2),java.class.shortname(v = 4),org.jetbrains.kotlin.idea.stubindex.KotlinTopLevelTypeAliasByPackageIndex(v = 2),gr.anonymous.class(v = 6),dom.elementClass(v = 0),gr.script.fqn(v = 5),gr.method.name(v = 5),properties.index(v = 2),org.jetbrains.kotlin.idea.stubindex.KotlinTypeAliasShortNameIndex(v = 2),java.method.name(v = 2),org.jetbrains.kotlin.idea.stubindex.KotlinJvmNameAnnotationIndex(v = 2),gr.annot.members(v = 5),org.jetbrains.kotlin.idea.stubindex.KotlinFileFacadeFqNameIndex(v = 2),org.jetbrains.kotlin.idea.stubindex.KotlinFullClassNameIndex(v = 2),org.jetbrains.kotlin.idea.stubindex.KotlinSubclassObjectNameIndex(v = 2)
2022-07-15 19:55:01,137 [   5577]   INFO - c.i.p.s.StubIndexImpl$StubIndexInitialization - Index data initialization done: 287 ms. Initialized stub indexes: {org.jetbrains.kotlin.idea.stubindex.KotlinPropertyShortNameIndex, java.method.name, org.jetbrains.kotlin.idea.stubindex.KotlinSuperClassIndex, org.jetbrains.kotlin.idea.stubindex.KotlinScriptFqnIndex, org.jetbrains.kotlin.idea.stubindex.KotlinTopLevelClassByPackageIndex, org.jetbrains.kotlin.idea.stubindex.KotlinTopLevelFunctionByPackageIndex, org.jetbrains.kotlin.idea.stubindex.KotlinTopLevelPropertyFqnNameIndex, org.jetbrains.kotlin.idea.stubindex.KotlinFileFacadeFqNameIndex, gr.method.name, gr.script.fqn, org.jetbrains.kotlin.idea.stubindex.KotlinTopLevelFunctionFqnNameIndex, org.jetbrains.kotlin.idea.stubindex.KotlinTypeAliasShortNameIndex, jvm.static.member.name, markdown.header, gr.class.super, org.jetbrains.kotlin.idea.stubindex.KotlinTopLevelExtensionsByReceiverTypeIndex, org.jetbrains.kotlin.idea.stubindex.KotlinProbablyContractedFunctionShortNameIndex, org.jetbrains.kotlin.idea.stubindex.KotlinFilePartClassIndex, org.jetbrains.kotlin.idea.stubindex.KotlinSubclassObjectNameIndex, org.jetbrains.kotlin.idea.stubindex.KotlinJvmNameAnnotationIndex, gr.annot.method.name, org.jetbrains.kotlin.idea.stubindex.KotlinExactPackagesIndex, org.jetbrains.kotlin.idea.stubindex.KotlinAnnotationsIndex, org.jetbrains.kotlin.idea.stubindex.KotlinFileFacadeClassByPackageIndex, dom.namespaceKey, org.jetbrains.kotlin.idea.stubindex.KotlinTopLevelPropertyByPackageIndex, java.class.extlist, java.anonymous.baseref, org.jetbrains.kotlin.idea.stubindex.KotlinOverridableInternalMembersShortNameIndex, gr.anonymous.class, org.jetbrains.kotlin.idea.stubindex.KotlinExtensionsInObjectsByReceiverTypeIndex, org.jetbrains.kotlin.idea.stubindex.KotlinMultifileClassPartIndex, gr.script.class, jvm.static.member.type, dom.elementClass, gr.field.name, org.jetbrains.kotlin.idea.stubindex.KotlinTypeAliasByExpansionShortNameIndex, org.jetbrains.kotlin.idea.stubindex.KotlinClassShortNameIndex, org.jetbrains.kotlin.idea.stubindex.KotlinFunctionShortNameIndex, org.jetbrains.kotlin.idea.stubindex.KotlinFileFacadeShortNameIndex, java.module.name, org.jetbrains.kotlin.idea.stubindex.KotlinProbablyNothingPropertyShortNameIndex, org.jetbrains.kotlin.idea.stubindex.KotlinProbablyNothingFunctionShortNameIndex, org.jetbrains.kotlin.idea.stubindex.KotlinFullClassNameIndex, org.jetbrains.kotlin.idea.stubindex.KotlinTopLevelTypeAliasByPackageIndex, gr.class.fqn, kotlin.primeIndexKey, java.annotations, gr.annot.members, java.method.parameter.types, java.field.name, java.class.shortname, java.class.fqn, properties.index, org.jetbrains.kotlin.idea.stubindex.KotlinTopLevelTypeAliasFqNameIndex, org.jetbrains.kotlin.idea.stubindex.KotlinInnerTypeAliasClassIdIndex}.
2022-07-15 19:55:02,024 [   6464]   INFO - #c.i.o.v.i.l.NativeFileWatcherImpl - Native file watcher is disabled
2022-07-15 19:55:03,054 [   7494]   WARN - Jetbrains UI DSL - Unsupported labeled component: com.intellij.ui.ToolbarDecorator$2
2022-07-15 19:55:03,062 [   7502]   WARN - Jetbrains UI DSL - Unsupported labeled component: com.intellij.ui.ToolbarDecorator$2
2022-07-15 19:55:14,009 [  18449]   INFO - #c.j.r.p.c.u.CodeWithMeSystemSettings - Trying to get lobbyServerUrl from file=/Library/Application Support/JetBrains/CodeWithMe/config.json
2022-07-15 19:55:14,017 [  18457]   INFO - #c.j.r.p.c.u.CodeWithMeSystemSettings - File=/Library/Application Support/JetBrains/CodeWithMe/config.json does not exist.
2022-07-15 19:55:14,018 [  18458]   INFO - #c.j.r.p.c.u.CodeWithMeSystemSettings - Trying to get lobbyServerUrl from file=/Users/mc/Library/Application Support/JetBrains/CodeWithMe/config.json
2022-07-15 19:55:14,018 [  18458]   INFO - #c.j.r.p.c.u.CodeWithMeSystemSettings - File=/Users/mc/Library/Application Support/JetBrains/CodeWithMe/config.json does not exist.
2022-07-15 19:55:14,030 [  18470]   INFO - #c.j.r.p.c.u.CodeWithMeSystemSettings - Setting default value='https://code-with-me.jetbrains.com'
2022-07-15 19:55:14,036 [  18476]   INFO - #c.j.r.p.c.u.CodeWithMeSystemSettings - Trying to get lobbyServerUrl from file=/Library/Application Support/JetBrains/CodeWithMe/config.json
2022-07-15 19:55:14,036 [  18476]   INFO - #c.j.r.p.c.u.CodeWithMeSystemSettings - File=/Library/Application Support/JetBrains/CodeWithMe/config.json does not exist.
2022-07-15 19:55:14,036 [  18476]   INFO - #c.j.r.p.c.u.CodeWithMeSystemSettings - Trying to get lobbyServerUrl from file=/Users/mc/Library/Application Support/JetBrains/CodeWithMe/config.json
2022-07-15 19:55:14,037 [  18477]   INFO - #c.j.r.p.c.u.CodeWithMeSystemSettings - File=/Users/mc/Library/Application Support/JetBrains/CodeWithMe/config.json does not exist.
2022-07-15 19:55:14,037 [  18477]   INFO - #c.j.r.p.c.u.CodeWithMeSystemSettings - Setting default value='https://code-with-me.jetbrains.com'
2022-07-15 19:55:17,811 [  22251]   WARN - Jetbrains UI DSL - Unsupported labeled component: com.intellij.ui.ToolbarDecorator$2
2022-07-15 19:55:18,299 [  22739]   WARN - Jetbrains UI DSL - Unsupported labeled component: com.intellij.ui.components.JBList
2022-07-15 19:55:19,912 [  24352]   WARN - #c.i.u.j.JBCefApp - JCEF is manually disabled in headless env via 'ide.browser.jcef.headless.enabled=false'
2022-07-15 19:55:21,496 [  25936]   INFO - #c.i.c.CompilerWorkspaceConfiguration - Available processors: 8
2022-07-15 19:55:21,758 [  26198]   INFO - STDOUT - Found 211 configurables
2022-07-15 19:55:24,481 [  28921]   INFO - STDOUT - Searchable options index builder completed
2022-07-15 19:55:24,521 [  28961]   INFO - #o.j.i.BuiltInServer - web server stopped
2022-07-15 19:55:24,541 [  28981]   INFO - #c.i.u.i.FileBasedIndexImpl - START INDEX SHUTDOWN
2022-07-15 19:55:24,593 [  29033]   INFO - #c.i.p.s.StubIndexImpl - StubIndexExtension-s were unloaded
2022-07-15 19:55:24,594 [  29034]   INFO - #c.i.p.s.SerializationManagerImpl - Start shutting down /Users/mc/Documents/Università/SwD/cASpER/Code/build/idea-sandbox/system/index/rep.names
2022-07-15 19:55:24,595 [  29035]   INFO - #c.i.p.s.SerializationManagerImpl - Finished shutting down /Users/mc/Documents/Università/SwD/cASpER/Code/build/idea-sandbox/system/index/rep.names
2022-07-15 19:55:24,677 [  29117]   INFO - #c.i.u.i.FileBasedIndexImpl - END INDEX SHUTDOWN
2022-07-15 19:55:24,677 [  29117]   INFO - #c.i.o.v.n.p.PersistentFSImpl - VFS dispose started
2022-07-15 19:55:24,687 [  29127]   INFO - #c.i.o.v.n.p.PersistentFSImpl - VFS dispose completed
2022-07-15 19:55:24,688 [  29128]   INFO - #c.i.o.f.i.FileTypeDetectionService - 0 auto-detected files. Detection took 0 ms
2022-07-15 19:55:24,696 [  29136]   INFO - #c.i.i.StartupUtil - ------------------------------------------------------ IDE SHUTDOWN ------------------------------------------------------
